Flow report for emif4fpga
Sun May 15 10:10:18 2016
Quartus Prime Version 16.0.0 Build 211 04/27/2016 SJ Lite Edition


---------------------
; Table of Contents ;
---------------------
  1. Legal Notice
  2. Flow Summary
  3. Flow Settings
  4. Flow Non-Default Global Settings
  5. Flow Elapsed Time
  6. Flow OS Summary
  7. Flow Log
  8. Flow Messages
  9. Flow Suppressed Messages



----------------
; Legal Notice ;
----------------
Copyright (C) 1991-2016 Altera Corporation. All rights reserved.
Your use of Altera Corporation's design tools, logic functions 
and other software and tools, and its AMPP partner logic 
functions, and any output files from any of the foregoing 
(including device programming or simulation files), and any 
associated documentation or information are expressly subject 
to the terms and conditions of the Altera Program License 
Subscription Agreement, the Altera Quartus Prime License Agreement,
the Altera MegaCore Function License Agreement, or other 
applicable license agreement, including, without limitation, 
that your use is for the sole purpose of programming logic 
devices manufactured by Altera and sold by Altera or its 
authorized distributors.  Please refer to the applicable 
agreement for further details.



+----------------------------------------------------------------------------------+
; Flow Summary                                                                     ;
+------------------------------------+---------------------------------------------+
; Flow Status                        ; Successful - Sun May 15 10:10:18 2016       ;
; Quartus Prime Version              ; 16.0.0 Build 211 04/27/2016 SJ Lite Edition ;
; Revision Name                      ; emif4fpga                                   ;
; Top-level Entity Name              ; emif4fpga                                   ;
; Family                             ; MAX 10                                      ;
; Device                             ; 10M04SAU169C8G                              ;
; Timing Models                      ; Final                                       ;
; Total logic elements               ; 22 / 4,032 ( < 1 % )                        ;
;     Total combinational functions  ; 22 / 4,032 ( < 1 % )                        ;
;     Dedicated logic registers      ; 16 / 4,032 ( < 1 % )                        ;
; Total registers                    ; 16                                          ;
; Total pins                         ; 73 / 130 ( 56 % )                           ;
; Total virtual pins                 ; 0                                           ;
; Total memory bits                  ; 4,096 / 193,536 ( 2 % )                     ;
; Embedded Multiplier 9-bit elements ; 0 / 40 ( 0 % )                              ;
; Total PLLs                         ; 1 / 1 ( 100 % )                             ;
; UFM blocks                         ; 0 / 1 ( 0 % )                               ;
; ADC blocks                         ; 0 / 1 ( 0 % )                               ;
+------------------------------------+---------------------------------------------+


+-----------------------------------------+
; Flow Settings                           ;
+-------------------+---------------------+
; Option            ; Setting             ;
+-------------------+---------------------+
; Start date & time ; 05/15/2016 10:08:50 ;
; Main task         ; Compilation         ;
; Revision Name     ; emif4fpga           ;
+-------------------+---------------------+


+----------------------------------------------------------------------------------------------------------------------------+
; Flow Non-Default Global Settings                                                                                           ;
+-------------------------------------+---------------------------------------+---------------+-------------+----------------+
; Assignment Name                     ; Value                                 ; Default Value ; Entity Name ; Section Id     ;
+-------------------------------------+---------------------------------------+---------------+-------------+----------------+
; COMPILER_SIGNATURE_ID               ; 158659947047672.146327812908496       ; --            ; --          ; --             ;
; EDA_OUTPUT_DATA_FORMAT              ; Verilog Hdl                           ; --            ; --          ; eda_simulation ;
; EDA_SIMULATION_TOOL                 ; ModelSim-Altera (Verilog)             ; <None>        ; --          ; --             ;
; MAX_CORE_JUNCTION_TEMP              ; 85                                    ; --            ; --          ; --             ;
; MIN_CORE_JUNCTION_TEMP              ; 0                                     ; --            ; --          ; --             ;
; MISC_FILE                           ; led_mux_inst.v                        ; --            ; --          ; --             ;
; MISC_FILE                           ; led_mux_bb.v                          ; --            ; --          ; --             ;
; MISC_FILE                           ; dpram.bsf                             ; --            ; --          ; --             ;
; MISC_FILE                           ; dpram_inst.v                          ; --            ; --          ; --             ;
; MISC_FILE                           ; dpram_bb.v                            ; --            ; --          ; --             ;
; MISC_FILE                           ; altpll_top.bsf                        ; --            ; --          ; --             ;
; MISC_FILE                           ; altpll_top_inst.v                     ; --            ; --          ; --             ;
; MISC_FILE                           ; altpll_top_bb.v                       ; --            ; --          ; --             ;
; MISC_FILE                           ; altpll_top.ppf                        ; --            ; --          ; --             ;
; OUTPUT_IO_TIMING_FAR_END_VMEAS      ; Half Signal Swing                     ; --            ; --          ; --             ;
; OUTPUT_IO_TIMING_FAR_END_VMEAS      ; Half Signal Swing                     ; --            ; --          ; --             ;
; OUTPUT_IO_TIMING_NEAR_END_VMEAS     ; Half Vccio                            ; --            ; --          ; --             ;
; OUTPUT_IO_TIMING_NEAR_END_VMEAS     ; Half Vccio                            ; --            ; --          ; --             ;
; PARTITION_COLOR                     ; 16764057                              ; --            ; --          ; Top            ;
; PARTITION_FITTER_PRESERVATION_LEVEL ; PLACEMENT_AND_ROUTING                 ; --            ; --          ; Top            ;
; PARTITION_NETLIST_TYPE              ; SOURCE                                ; --            ; --          ; Top            ;
; POWER_BOARD_THERMAL_MODEL           ; None (CONSERVATIVE)                   ; --            ; --          ; --             ;
; POWER_PRESET_COOLING_SOLUTION       ; 23 MM HEAT SINK WITH 200 LFPM AIRFLOW ; --            ; --          ; --             ;
; PROJECT_OUTPUT_DIRECTORY            ; output_files                          ; --            ; --          ; --             ;
+-------------------------------------+---------------------------------------+---------------+-------------+----------------+


+-------------------------------------------------------------------------------------------------------------------------------+
; Flow Elapsed Time                                                                                                             ;
+---------------------------+--------------+-------------------------+---------------------+------------------------------------+
; Module Name               ; Elapsed Time ; Average Processors Used ; Peak Virtual Memory ; Total CPU Time (on all processors) ;
+---------------------------+--------------+-------------------------+---------------------+------------------------------------+
; Analysis & Synthesis      ; 00:00:26     ; 1.0                     ; 847 MB              ; 00:01:01                           ;
; Fitter                    ; 00:00:23     ; 1.0                     ; 1463 MB             ; 00:00:22                           ;
; Assembler                 ; 00:00:02     ; 1.0                     ; 772 MB              ; 00:00:02                           ;
; PowerPlay Power Analyzer  ; 00:00:13     ; 1.0                     ; 915 MB              ; 00:00:13                           ;
; TimeQuest Timing Analyzer ; 00:00:12     ; 1.0                     ; 875 MB              ; 00:00:11                           ;
; EDA Netlist Writer        ; 00:00:02     ; 1.0                     ; 753 MB              ; 00:00:01                           ;
; Total                     ; 00:01:18     ; --                      ; --                  ; 00:01:50                           ;
+---------------------------+--------------+-------------------------+---------------------+------------------------------------+


+----------------------------------------------------------------------------------------+
; Flow OS Summary                                                                        ;
+---------------------------+------------------+-----------+------------+----------------+
; Module Name               ; Machine Hostname ; OS Name   ; OS Version ; Processor type ;
+---------------------------+------------------+-----------+------------+----------------+
; Analysis & Synthesis      ; mm-PC            ; Windows 8 ; 6.2        ; x86_64         ;
; Fitter                    ; mm-PC            ; Windows 8 ; 6.2        ; x86_64         ;
; Assembler                 ; mm-PC            ; Windows 8 ; 6.2        ; x86_64         ;
; PowerPlay Power Analyzer  ; mm-PC            ; Windows 8 ; 6.2        ; x86_64         ;
; TimeQuest Timing Analyzer ; mm-PC            ; Windows 8 ; 6.2        ; x86_64         ;
; EDA Netlist Writer        ; mm-PC            ; Windows 8 ; 6.2        ; x86_64         ;
+---------------------------+------------------+-----------+------------+----------------+


------------
; Flow Log ;
------------
quartus_map --read_settings_files=on --write_settings_files=off emif4fpga -c emif4fpga
quartus_fit --read_settings_files=off --write_settings_files=off emif4fpga -c emif4fpga
quartus_asm --read_settings_files=off --write_settings_files=off emif4fpga -c emif4fpga
quartus_pow --read_settings_files=off --write_settings_files=off emif4fpga -c emif4fpga
quartus_sta emif4fpga -c emif4fpga
quartus_eda --read_settings_files=off --write_settings_files=off emif4fpga -c emif4fpga



